<?xml version="1.0" encoding="UTF-8"?>
<testsuite name="com.uniksoft.TestMainVerticle" tests="1" skipped="0" failures="0" errors="0" timestamp="2024-09-01T11:43:14" hostname="DESKTOP-JQE2U8N" time="0.032">
  <properties/>
  <testcase name="verticle_deployed(Vertx, VertxTestContext)" classname="com.uniksoft.TestMainVerticle" time="0.032"/>
  <system-out><![CDATA[07:43:14.112 [vert.x-eventloop-thread-0] INFO  com.uniksoft.MainVerticle - Vert.x server started on port 8888
]]></system-out>
  <system-err><![CDATA[]]></system-err>
</testsuite>
