<?xml version="1.0" encoding="UTF-8"?>
<testsuite name="com.uniksoft.broker.assets.TestAssetsRestApi" tests="1" skipped="0" failures="0" errors="0" timestamp="2024-09-07T21:40:57" hostname="DESKTOP-JQE2U8N" time="0.554">
  <properties/>
  <testcase name="return_all_assets(Vertx, VertxTestContext)" classname="com.uniksoft.broker.assets.TestAssetsRestApi" time="0.554"/>
  <system-out><![CDATA[17:40:57.558 [vert.x-eventloop-thread-0] INFO  com.uniksoft.MainVerticle - Vert.x server started on port 8888
]]></system-out>
  <system-err><![CDATA[]]></system-err>
</testsuite>
