<?xml version="1.0" encoding="UTF-8"?>
<testsuite name="com.uniksoft.broker.watchlist.TestWatchListRestApi" tests="1" skipped="0" failures="0" errors="0" timestamp="2024-09-02T12:49:12" hostname="DESKTOP-JQE2U8N" time="0.067">
  <properties/>
  <testcase name="adds_and_returns_watchlist_for_account(Vertx, VertxTestContext)" classname="com.uniksoft.broker.watchlist.TestWatchListRestApi" time="0.067"/>
  <system-out><![CDATA[08:49:12.437 [vert.x-eventloop-thread-0] INFO  com.uniksoft.MainVerticle - Vert.x server started on port 8888
]]></system-out>
  <system-err><![CDATA[]]></system-err>
</testsuite>
