<?xml version="1.0" encoding="UTF-8"?>
<testsuite name="com.uniksoft.broker.quotes.TestQuotesRestApi" tests="2" skipped="0" failures="0" errors="0" timestamp="2024-09-02T12:44:04" hostname="DESKTOP-JQE2U8N" time="0.103">
  <properties/>
  <testcase name="return_not_found_for_unknown_asset(Vertx, VertxTestContext)" classname="com.uniksoft.broker.quotes.TestQuotesRestApi" time="0.042"/>
  <testcase name="return_quote_for_asset(Vertx, VertxTestContext)" classname="com.uniksoft.broker.quotes.TestQuotesRestApi" time="0.06"/>
  <system-out><![CDATA[08:44:04.588 [vert.x-eventloop-thread-0] INFO  com.uniksoft.MainVerticle - Vert.x server started on port 8888
08:44:04.630 [vert.x-eventloop-thread-0] INFO  com.uniksoft.MainVerticle - Vert.x server started on port 8888
]]></system-out>
  <system-err><![CDATA[]]></system-err>
</testsuite>
